<?xml version="1.0" encoding="UTF-8"?>
<testng-results skipped="0" failed="0" ignored="0" total="4" passed="4">
  <reporter-output>
  </reporter-output>
  <suite name="Default suite" duration-ms="78" started-at="2020-02-03T19:56:52 IST" finished-at="2020-02-03T19:56:52 IST">
    <groups>
    </groups>
    <test name="Default test" duration-ms="78" started-at="2020-02-03T19:56:52 IST" finished-at="2020-02-03T19:56:52 IST">
      <class name="framework.Testng.DP.Application_Data">
        <test-method status="PASS" signature="tc001(java.lang.String, java.lang.String)[pri:0, instance:framework.Testng.DP.Application_Data@35d176f7]" name="tc001" duration-ms="16" started-at="2020-02-03T19:56:52 IST" data-provider="dp" finished-at="2020-02-03T19:56:52 IST">
          <params>
            <param index="0">
              <value>
                <![CDATA[arun]]>
              </value>
            </param>
            <param index="1">
              <value>
                <![CDATA[MQ001]]>
              </value>
            </param>
          </params>
          <reporter-output>
          </reporter-output>
        </test-method> <!-- tc001 -->
        <test-method status="PASS" signature="tc001(java.lang.String, java.lang.String)[pri:0, instance:framework.Testng.DP.Application_Data@35d176f7]" name="tc001" duration-ms="15" started-at="2020-02-03T19:56:52 IST" data-provider="dp" finished-at="2020-02-03T19:56:52 IST">
          <params>
            <param index="0">
              <value>
                <![CDATA[ajay]]>
              </value>
            </param>
            <param index="1">
              <value>
                <![CDATA[MQ003]]>
              </value>
            </param>
          </params>
          <reporter-output>
          </reporter-output>
        </test-method> <!-- tc001 -->
        <test-method status="PASS" signature="tc001(java.lang.String, java.lang.String)[pri:0, instance:framework.Testng.DP.Application_Data@35d176f7]" name="tc001" duration-ms="0" started-at="2020-02-03T19:56:52 IST" data-provider="dp" finished-at="2020-02-03T19:56:52 IST">
          <params>
            <param index="0">
              <value>
                <![CDATA[suresh]]>
              </value>
            </param>
            <param index="1">
              <value>
                <![CDATA[MQ002]]>
              </value>
            </param>
          </params>
          <reporter-output>
          </reporter-output>
        </test-method> <!-- tc001 -->
        <test-method status="PASS" signature="tc001(java.lang.String, java.lang.String)[pri:0, instance:framework.Testng.DP.Application_Data@35d176f7]" name="tc001" duration-ms="0" started-at="2020-02-03T19:56:52 IST" data-provider="dp" finished-at="2020-02-03T19:56:52 IST">
          <params>
            <param index="0">
              <value>
                <![CDATA[amar]]>
              </value>
            </param>
            <param index="1">
              <value>
                <![CDATA[MQ004]]>
              </value>
            </param>
          </params>
          <reporter-output>
          </reporter-output>
        </test-method> <!-- tc001 -->
      </class> <!-- framework.Testng.DP.Application_Data -->
    </test> <!-- Default test -->
  </suite> <!-- Default suite -->
</testng-results>
