<?xml version="1.0" encoding="UTF-8"?>
<!-- Generated by org.testng.reporters.JUnitXMLReporter -->
<testsuite hostname="AA-PC" ignored="0" name="chrome" tests="7" failures="0" timestamp="2020-02-01T19:01:49 IST" time="0.096" errors="0">
  <testcase name="tc001" time="0.007" classname="framework.Testng.BeforeTest_and_AfterTest.TestSuite1"/>
  <testcase name="tc002" time="0.002" classname="framework.Testng.BeforeTest_and_AfterTest.TestSuite1"/>
  <testcase name="tc003" time="0.002" classname="framework.Testng.BeforeTest_and_AfterTest.TestSuite1"/>
  <testcase name="tc004" time="0.002" classname="framework.Testng.BeforeTest_and_AfterTest.TestSuite2"/>
  <testcase name="tc005" time="0.001" classname="framework.Testng.BeforeTest_and_AfterTest.TestSuite2"/>
  <testcase name="tc006" time="0.008" classname="framework.Testng.BeforeTest_and_AfterTest.TestSuite2"/>
  <testcase name="login" time="0.002" classname="framework.Testng.BeforeTest_and_AfterTest.Test_for_Chrome"/>
</testsuite> <!-- chrome -->
