<?xml version="1.0" encoding="UTF-8"?>
<!-- Generated by org.testng.reporters.JUnitXMLReporter -->
<testsuite hostname="AA-PC" ignored="0" name="Default test" tests="3" failures="0" timestamp="2020-02-07T19:23:28 IST" time="24.887" errors="0">
  <testcase name="tc001_Verify_static_Webtable_Records" time="1.655" classname="method_return_type.Run_WebTable_Keyword"/>
  <testcase name="tc002_Verify_static_Webtable_Records" time="3.688" classname="method_return_type.Run_WebTable_Keyword"/>
  <testcase name="tc003_Verify_runtime_Webtable_Records" time="3.059" classname="method_return_type.Run_WebTable_Keyword"/>
</testsuite> <!-- Default test -->
