<?xml version="1.0" encoding="UTF-8"?>
<!-- Generated by org.testng.reporters.JUnitXMLReporter -->
<testsuite hostname="AA-PC" ignored="0" name="Default test" tests="3" failures="0" timestamp="2020-01-31T20:08:16 IST" time="0.063" errors="0">
  <testcase name="Verify_login_without_data" time="0.015" classname="framework.Testng.Method_Description"/>
  <testcase name="tc001" time="0.0" classname="framework.Testng.Method_Description"/>
  <testcase name="tc002" time="0.0" classname="framework.Testng.Method_Description"/>
</testsuite> <!-- Default test -->
