<?xml version="1.0" encoding="UTF-8"?>
<!-- Generated by org.testng.reporters.JUnitXMLReporter -->
<testsuite hostname="AA-PC" ignored="3" name="Test1" tests="3" failures="0" timestamp="2020-02-01T18:34:36 IST" time="0.078" errors="0">
  <testcase name="tc002" time="0.015" classname="framework.Testng.TestSuite.Class1"/>
  <testcase name="tc005" time="0.0" classname="framework.Testng.TestSuite.Class2"/>
  <testcase name="tc006" time="0.0" classname="framework.Testng.TestSuite.Class2"/>
  <testcase name="tc003" time="0.0" classname="framework.Testng.TestSuite.Class1">
    <ignored/>
  </testcase> <!-- tc003 -->
  <testcase name="tc004" time="0.0" classname="framework.Testng.TestSuite.Class2">
    <ignored/>
  </testcase> <!-- tc004 -->
  <testcase name="tc001" time="0.0" classname="framework.Testng.TestSuite.Class1">
    <ignored/>
  </testcase> <!-- tc001 -->
</testsuite> <!-- Test1 -->
