<?xml version="1.0" encoding="UTF-8"?>
<!-- Generated by org.testng.reporters.JUnitXMLReporter -->
<testsuite hostname="AA-PC" ignored="0" name="test1" tests="4" failures="0" timestamp="2020-02-03T19:26:28 IST" time="9.797" errors="0">
  <testcase name="launch_browser" time="3.481" classname="framework.Testng.Suite_Parameter.Get_Parameters_From_Suite"/>
  <testcase name="loadWebpage" time="5.684" classname="framework.Testng.Suite_Parameter.Get_Parameters_From_Suite"/>
  <testcase name="User_login" time="0.39" classname="framework.Testng.Suite_Parameter.Get_Parameters_From_Suite"/>
  <testcase name="User_registration" time="0.178" classname="framework.Testng.Suite_Parameter.Get_Parameters_From_Suite"/>
</testsuite> <!-- test1 -->
